Build started 2014/4/8 下午 12:20:57.
     1>Project "C:\isentek\development\isengyro\isengyro.vcxproj" on node 2 (Build target(s)).
     1>ClCompile:
         C:\Program Files (x86)\Microsoft Visual Studio 11.0\VC\bin\CL.exe /c /I../isensdk/ /IC:\isentek\development\isengyro\SensorDrivers/include/ /IC:\isentek\development\isengyro\ /IC:\isentek\development\isengyro\GUI/ /ZI /nologo /W3 /WX- /Od /Oy- /D _CRT_SECURE_NO_WARNINGS /D WIN32 /D _WINDOWS /D _DEBUG /D _UNICODE /D UNICODE /Gm /EHsc /RTC1 /MTd /GS /fp:precise /Zc:wchar_t /Zc:forScope /Fo"Debug\\" /Fd"Debug\vc110.pdb" /Gd /TP /analyze- /errorReport:prompt /wd4305 SensorFusion.cpp
         SensorFusion.cpp
       Link:
         C:\Program Files (x86)\Microsoft Visual Studio 11.0\VC\bin\link.exe /ERRORREPORT:PROMPT /OUT:"C:\isentek\development\isengyro\Debug\isengyro.exe" /INCREMENTAL /NOLOGO /LIBPATH:C:\isentek\development\isengyro\Debug\ uafxcwd.lib Libcmtd.lib ./LIB/iowkit.lib ./LIB/MyUtilityLib.lib ./LIB/iSenInterfaceLib.lib /NODEFAULTLIB:msvcrt.lib /NODEFAULTLIB:msvcrtd.lib /NODEFAULTLIB:mfc100u.lib /MANIFEST /MANIFESTUAC:"level='asInvoker' uiAccess='false'" /manifest:embed /manifestinput:"C:\Program Files (x86)\Microsoft Visual Studio 11.0\VC\Include\Manifest\dpiaware.manifest" /DEBUG /PDB:"C:\isentek\development\isengyro\Debug\isengyro.pdb" /SUBSYSTEM:WINDOWS /LARGEADDRESSAWARE:NO /TLBID:1 /ENTRY:"wWinMainCRTStartup" /DYNAMICBASE /NXCOMPAT /IMPLIB:"C:\isentek\development\isengyro\Debug\isengyro.lib" /MACHINE:X86 Debug\iSensors.res
         Debug\ist_accel.obj
         Debug\ist_alma.obj
         Debug\ist_bqdlpf.obj
         Debug\ist_debug.obj
         Debug\ist_ellipsoid.obj
         Debug\ist_errno.obj
         Debug\ist_fifo.obj
         Debug\ist_fusion.obj
         Debug\ist_hardiron.obj
         Debug\ist_ieee754.obj
         Debug\ist_magnet.obj
         Debug\ist_milieu.obj
         Debug\ist_mma.obj
         Debug\ist_rma.obj
         Debug\ist_rotation.obj
         Debug\ist_sma.obj
         Debug\ist_softiron.obj
         Debug\ist_sphere.obj
         Debug\ist_wma.obj
         Debug\acceleration_calibration.obj
         Debug\guicon.obj
         Debug\WaveformCtrl.obj
         Debug\I2cMasterOperation.obj
         Debug\iSensors.obj
         Debug\iSensorsDlg.obj
         Debug\iSensorsDlgGUI.obj
         Debug\iSensorsDlgMenu.obj
         Debug\SAPrefsStatic.obj
         Debug\SAPrefsSubDlg.obj
         Debug\SATreeCtrl.obj
         Debug\Dmard08Driver.obj
         Debug\Kxtf9Driver.obj
         Debug\L3g4200dDriver.obj
         Debug\Ist8301Driver.obj
         Debug\SensorBase.obj
         Debug\SensorFusion.obj
         Debug\stdafx.obj
         Debug\SubDlgAccelerometer.obj
         Debug\SubDlgAccelerometerApp.obj
         Debug\SubDlgAccelerometerData.obj
         Debug\SubDlgCompass.obj
         Debug\SubDlgGyroscope.obj
         Debug\SubDlgGyroscopeApp.obj
         Debug\SubDlgGyroscopeData.obj
         Debug\SubDlgMagnetometer.obj
         Debug\SubDlgMagnetometerApp.obj
         Debug\SubDlgMagnetometerData.obj
         MyUtilityLib.lib(MyUtility.obj) : MSIL .netmodule or module compiled with /GL found; restarting link with /LTCG; add /LTCG to the link command line to improve linker performance
     1>LINK : warning LNK4075: ignoring '/INCREMENTAL' due to '/LTCG' specification
     1>ist_accel.obj : warning LNK4075: ignoring '/EDITANDCONTINUE' due to '/OPT:LBR' specification
     1>uafxcwd.lib(nolib.obj) : warning LNK4098: defaultlib 'mfc110u.lib' conflicts with use of other libs; use /NODEFAULTLIB:library
     1>uafxcwd.lib(nolib.obj) : warning LNK4098: defaultlib 'mfcs110u.lib' conflicts with use of other libs; use /NODEFAULTLIB:library
         Generating code
         Finished generating code
     1>MyUtilityLib.lib(MyUtility.obj) : warning LNK4204: 'C:\isentek\development\isengyro\Debug\vc110.pdb' is missing debugging information for referencing module; linking object as if no debug info
     1>MyUtilityLib.lib(stdafx.obj) : warning LNK4204: 'C:\isentek\development\isengyro\Debug\vc110.pdb' is missing debugging information for referencing module; linking object as if no debug info
         isengyro.vcxproj -> C:\isentek\development\isengyro\Debug\isengyro.exe
     1>Done Building Project "C:\isentek\development\isengyro\isengyro.vcxproj" (Build target(s)).

Build succeeded.

Time Elapsed 00:00:07.42
